#-----------------------------------------------------------
# Vivado v2020.2 (64-bit)
# SW Build 3064766 on Wed Nov 18 09:12:45 MST 2020
# IP Build 3064653 on Wed Nov 18 14:17:31 MST 2020
# Start of session at: Tue Sep 30 09:15:17 2025
# Process ID: 6000
# Current directory: C:/ssssssssssssssssssss/0925_bbbaaaccckkkuuuppp/0924_VGA_OV7670_final_backup
# Command line: vivado.exe -gui_launcher_event rodinguilauncherevent12472 C:\ssssssssssssssssssss\0925_bbbaaaccckkkuuuppp\0924_VGA_OV7670_final_backup\0910_VGA_OV7670.xpr
# Log file: C:/ssssssssssssssssssss/0925_bbbaaaccckkkuuuppp/0924_VGA_OV7670_final_backup/vivado.log
# Journal file: C:/ssssssssssssssssssss/0925_bbbaaaccckkkuuuppp/0924_VGA_OV7670_final_backup\vivado.jou
#-----------------------------------------------------------
start_gui
open_project C:/ssssssssssssssssssss/0925_bbbaaaccckkkuuuppp/0924_VGA_OV7670_final_backup/0910_VGA_OV7670.xpr
WARNING: [filemgmt 56-3] Default IP Output Path : Could not find the directory 'C:/ssssssssssssssssssss/0925_bbbaaaccckkkuuuppp/0924_VGA_OV7670_final_backup/0910_VGA_OV7670.gen/sources_1'.
Scanning sources...
Finished scanning sources
INFO: [IP_Flow 19-234] Refreshing IP repositories
INFO: [IP_Flow 19-1704] No user IP repositories specified
INFO: [IP_Flow 19-2313] Loaded Vivado IP repository 'C:/Xilinx/Vivado/2020.2/data/ip'.
open_project: Time (s): cpu = 00:00:13 ; elapsed = 00:00:07 . Memory (MB): peak = 1084.922 ; gain = 0.000
update_compile_order -fileset sources_1
open_hw_manager
connect_hw_server -allow_non_jtag
INFO: [Labtools 27-2285] Connecting to hw_server url TCP:localhost:3121
INFO: [Labtools 27-2222] Launching hw_server...
INFO: [Labtools 27-2221] Launch Output:

****** Xilinx hw_server v2020.2
  **** Build date : Nov 18 2020 at 10:01:48
    ** Copyright 1986-2020 Xilinx, Inc. All Rights Reserved.


INFO: [Labtools 27-3415] Connecting to cs_server url TCP:localhost:3042
INFO: [Labtools 27-3417] Launching cs_server...
INFO: [Labtools 27-2221] Launch Output:


******** Xilinx cs_server v2020.2
  ****** Build date   : Nov 04 2020-06:02:56
    **** Build number : 2020.2.1604437376
      ** Copyright 2017-2020 Xilinx, Inc. All Rights Reserved.



connect_hw_server: Time (s): cpu = 00:00:00 ; elapsed = 00:00:08 . Memory (MB): peak = 1084.922 ; gain = 0.000
open_hw_target
INFO: [Labtoolstcl 44-466] Opening hw_target localhost:3121/xilinx_tcf/Digilent/210183B9AA5CA
set_property PROGRAM.FILE {C:/ssssssssssssssssssss/0925_bbbaaaccckkkuuuppp/0924_VGA_OV7670_final_backup/0910_VGA_OV7670.runs/impl_1/VGA_Camera_Display.bit} [get_hw_devices xc7a35t_0]
current_hw_device [get_hw_devices xc7a35t_0]
refresh_hw_device -update_hw_probes false [lindex [get_hw_devices xc7a35t_0] 0]
INFO: [Labtools 27-1434] Device xc7a35t (JTAG device index = 0) is programmed with a design that has no supported debug core(s) in it.
create_hw_cfgmem -hw_device [get_hw_devices xc7a35t_0] -mem_dev [lindex [get_cfgmem_parts {mx25l3233f-spi-x1_x2_x4}] 0]
set_property PROBES.FILE {} [get_hw_devices xc7a35t_0]
set_property FULL_PROBES.FILE {} [get_hw_devices xc7a35t_0]
set_property PROGRAM.FILE {C:/ssssssssssssssssssss/0925_bbbaaaccckkkuuuppp/0924_VGA_OV7670_final_backup/0910_VGA_OV7670.runs/impl_1/VGA_Camera_Display.bit} [get_hw_devices xc7a35t_0]
program_hw_devices [get_hw_devices xc7a35t_0]
INFO: [Labtools 27-3164] End of startup status: HIGH
refresh_hw_device [lindex [get_hw_devices xc7a35t_0] 0]
INFO: [Labtools 27-1434] Device xc7a35t (JTAG device index = 0) is programmed with a design that has no supported debug core(s) in it.
set_property PROBES.FILE {} [get_hw_devices xc7a35t_0]
set_property FULL_PROBES.FILE {} [get_hw_devices xc7a35t_0]
set_property PROGRAM.FILE {C:/ssssssssssssssssssss/0925_bbbaaaccckkkuuuppp/0924_VGA_OV7670_final_backup/0910_VGA_OV7670.runs/impl_1/VGA_Camera_Display.bit} [get_hw_devices xc7a35t_0]
program_hw_devices [get_hw_devices xc7a35t_0]
INFO: [Labtools 27-3164] End of startup status: HIGH
refresh_hw_device [lindex [get_hw_devices xc7a35t_0] 0]
INFO: [Labtools 27-1434] Device xc7a35t (JTAG device index = 0) is programmed with a design that has no supported debug core(s) in it.
set_property PROBES.FILE {} [get_hw_devices xc7a35t_0]
set_property FULL_PROBES.FILE {} [get_hw_devices xc7a35t_0]
set_property PROGRAM.FILE {C:/ssssssssssssssssssss/0925_bbbaaaccckkkuuuppp/0924_VGA_OV7670_final_backup/0910_VGA_OV7670.runs/impl_1/VGA_Camera_Display.bit} [get_hw_devices xc7a35t_0]
program_hw_devices [get_hw_devices xc7a35t_0]
INFO: [Labtools 27-3164] End of startup status: HIGH
refresh_hw_device [lindex [get_hw_devices xc7a35t_0] 0]
INFO: [Labtools 27-1434] Device xc7a35t (JTAG device index = 0) is programmed with a design that has no supported debug core(s) in it.
ERROR: [Labtoolstcl 44-513] HW Target shutdown. Closing target: localhost:3121/xilinx_tcf/Digilent/210183B9AA5CA
INFO: [Labtoolstcl 44-466] Opening hw_target localhost:3121/xilinx_tcf/Digilent/210183B9AA5CA
INFO: [Labtools 27-1434] Device xc7a35t (JTAG device index = 0) is programmed with a design that has no supported debug core(s) in it.
WARNING: [Labtoolstcl 44-129] No matching hw_ila_data was found.
set_property PROBES.FILE {} [get_hw_devices xc7a35t_0]
set_property FULL_PROBES.FILE {} [get_hw_devices xc7a35t_0]
set_property PROGRAM.FILE {C:/ssssssssssssssssssss/0925_bbbaaaccckkkuuuppp/0924_VGA_OV7670_final_backup/0910_VGA_OV7670.runs/impl_1/VGA_Camera_Display.bit} [get_hw_devices xc7a35t_0]
program_hw_devices [get_hw_devices xc7a35t_0]
INFO: [Labtools 27-3164] End of startup status: HIGH
refresh_hw_device [lindex [get_hw_devices xc7a35t_0] 0]
INFO: [Labtools 27-1434] Device xc7a35t (JTAG device index = 0) is programmed with a design that has no supported debug core(s) in it.
set_property PROBES.FILE {} [get_hw_devices xc7a35t_0]
set_property FULL_PROBES.FILE {} [get_hw_devices xc7a35t_0]
set_property PROGRAM.FILE {C:/ssssssssssssssssssss/0925_bbbaaaccckkkuuuppp/0924_VGA_OV7670_final_backup/0910_VGA_OV7670.runs/impl_1/VGA_Camera_Display.bit} [get_hw_devices xc7a35t_0]
program_hw_devices [get_hw_devices xc7a35t_0]
INFO: [Labtools 27-3164] End of startup status: HIGH
refresh_hw_device [lindex [get_hw_devices xc7a35t_0] 0]
INFO: [Labtools 27-1434] Device xc7a35t (JTAG device index = 0) is programmed with a design that has no supported debug core(s) in it.
set_property PROBES.FILE {} [get_hw_devices xc7a35t_0]
set_property FULL_PROBES.FILE {} [get_hw_devices xc7a35t_0]
set_property PROGRAM.FILE {C:/ssssssssssssssssssss/0925_bbbaaaccckkkuuuppp/0924_VGA_OV7670_final_backup/0910_VGA_OV7670.runs/impl_1/VGA_Camera_Display.bit} [get_hw_devices xc7a35t_0]
program_hw_devices [get_hw_devices xc7a35t_0]
INFO: [Labtools 27-3164] End of startup status: HIGH
refresh_hw_device [lindex [get_hw_devices xc7a35t_0] 0]
INFO: [Labtools 27-1434] Device xc7a35t (JTAG device index = 0) is programmed with a design that has no supported debug core(s) in it.
set_property PROBES.FILE {} [get_hw_devices xc7a35t_0]
set_property FULL_PROBES.FILE {} [get_hw_devices xc7a35t_0]
set_property PROGRAM.FILE {C:/ssssssssssssssssssss/0925_bbbaaaccckkkuuuppp/0924_VGA_OV7670_final_backup/0910_VGA_OV7670.runs/impl_1/VGA_Camera_Display.bit} [get_hw_devices xc7a35t_0]
program_hw_devices [get_hw_devices xc7a35t_0]
INFO: [Labtools 27-3164] End of startup status: HIGH
refresh_hw_device [lindex [get_hw_devices xc7a35t_0] 0]
INFO: [Labtools 27-1434] Device xc7a35t (JTAG device index = 0) is programmed with a design that has no supported debug core(s) in it.
set_property PROBES.FILE {} [get_hw_devices xc7a35t_0]
set_property FULL_PROBES.FILE {} [get_hw_devices xc7a35t_0]
set_property PROGRAM.FILE {C:/ssssssssssssssssssss/0925_bbbaaaccckkkuuuppp/0924_VGA_OV7670_final_backup/0910_VGA_OV7670.runs/impl_1/VGA_Camera_Display.bit} [get_hw_devices xc7a35t_0]
program_hw_devices [get_hw_devices xc7a35t_0]
INFO: [Labtools 27-3164] End of startup status: HIGH
refresh_hw_device [lindex [get_hw_devices xc7a35t_0] 0]
INFO: [Labtools 27-1434] Device xc7a35t (JTAG device index = 0) is programmed with a design that has no supported debug core(s) in it.
synth_design -rtl -rtl_skip_mlo -name rtl_1
Command: synth_design -rtl -rtl_skip_mlo -name rtl_1
Starting synth_design
Using part: xc7a35tcpg236-1
Top: VGA_Camera_Display
INFO: [Device 21-403] Loading part xc7a35tcpg236-1
---------------------------------------------------------------------------------
Starting RTL Elaboration : Time (s): cpu = 00:00:03 ; elapsed = 00:00:03 . Memory (MB): peak = 3125.367 ; gain = 259.191
---------------------------------------------------------------------------------
INFO: [Synth 8-6157] synthesizing module 'VGA_Camera_Display' [C:/ssssssssssssssssssss/0925_bbbaaaccckkkuuuppp/0924_VGA_OV7670_final_backup/0910_VGA_OV7670.srcs/sources_1/new/VGA_Camera_Display.sv:3]
INFO: [Synth 8-6157] synthesizing module 'VGA_Decoder' [C:/ssssssssssssssssssss/0925_bbbaaaccckkkuuuppp/0924_VGA_OV7670_final_backup/0910_VGA_OV7670.srcs/sources_1/new/VGA_Decoder.sv:3]
INFO: [Synth 8-6157] synthesizing module 'pixel_clk_gen' [C:/ssssssssssssssssssss/0925_bbbaaaccckkkuuuppp/0924_VGA_OV7670_final_backup/0910_VGA_OV7670.srcs/sources_1/new/VGA_Decoder.sv:27]
INFO: [Synth 8-6155] done synthesizing module 'pixel_clk_gen' (1#1) [C:/ssssssssssssssssssss/0925_bbbaaaccckkkuuuppp/0924_VGA_OV7670_final_backup/0910_VGA_OV7670.srcs/sources_1/new/VGA_Decoder.sv:27]
INFO: [Synth 8-6157] synthesizing module 'pixel_counter' [C:/ssssssssssssssssssss/0925_bbbaaaccckkkuuuppp/0924_VGA_OV7670_final_backup/0910_VGA_OV7670.srcs/sources_1/new/VGA_Decoder.sv:52]
	Parameter H_MAX bound to: 800 - type: integer 
	Parameter V_MAX bound to: 525 - type: integer 
INFO: [Synth 8-6155] done synthesizing module 'pixel_counter' (2#1) [C:/ssssssssssssssssssss/0925_bbbaaaccckkkuuuppp/0924_VGA_OV7670_final_backup/0910_VGA_OV7670.srcs/sources_1/new/VGA_Decoder.sv:52]
INFO: [Synth 8-6157] synthesizing module 'vga_decoder' [C:/ssssssssssssssssssss/0925_bbbaaaccckkkuuuppp/0924_VGA_OV7670_final_backup/0910_VGA_OV7670.srcs/sources_1/new/VGA_Decoder.sv:90]
	Parameter H_Display_area bound to: 640 - type: integer 
	Parameter H_Front_porch bound to: 16 - type: integer 
	Parameter H_Sync_pulse bound to: 96 - type: integer 
	Parameter H_Back_porch bound to: 48 - type: integer 
	Parameter H_Whole_line bound to: 800 - type: integer 
	Parameter V_Display_area bound to: 480 - type: integer 
	Parameter V_Front_porch bound to: 10 - type: integer 
	Parameter V_Sync_pulse bound to: 2 - type: integer 
	Parameter V_Back_porch bound to: 33 - type: integer 
	Parameter V_Whole_frame bound to: 525 - type: integer 
INFO: [Synth 8-6155] done synthesizing module 'vga_decoder' (3#1) [C:/ssssssssssssssssssss/0925_bbbaaaccckkkuuuppp/0924_VGA_OV7670_final_backup/0910_VGA_OV7670.srcs/sources_1/new/VGA_Decoder.sv:90]
INFO: [Synth 8-6155] done synthesizing module 'VGA_Decoder' (4#1) [C:/ssssssssssssssssssss/0925_bbbaaaccckkkuuuppp/0924_VGA_OV7670_final_backup/0910_VGA_OV7670.srcs/sources_1/new/VGA_Decoder.sv:3]
INFO: [Synth 8-6157] synthesizing module 'OV7670_MemController' [C:/ssssssssssssssssssss/0925_bbbaaaccckkkuuuppp/0924_VGA_OV7670_final_backup/0910_VGA_OV7670.srcs/sources_1/new/OV7670_MemController.sv:3]
INFO: [Synth 8-6155] done synthesizing module 'OV7670_MemController' (5#1) [C:/ssssssssssssssssssss/0925_bbbaaaccckkkuuuppp/0924_VGA_OV7670_final_backup/0910_VGA_OV7670.srcs/sources_1/new/OV7670_MemController.sv:3]
INFO: [Synth 8-6157] synthesizing module 'frame_buffer' [C:/ssssssssssssssssssss/0925_bbbaaaccckkkuuuppp/0924_VGA_OV7670_final_backup/0910_VGA_OV7670.srcs/sources_1/new/frame_buffer.sv:3]
INFO: [Synth 8-6155] done synthesizing module 'frame_buffer' (6#1) [C:/ssssssssssssssssssss/0925_bbbaaaccckkkuuuppp/0924_VGA_OV7670_final_backup/0910_VGA_OV7670.srcs/sources_1/new/frame_buffer.sv:3]
INFO: [Synth 8-6157] synthesizing module 'VGA_MemController' [C:/ssssssssssssssssssss/0925_bbbaaaccckkkuuuppp/0924_VGA_OV7670_final_backup/0910_VGA_OV7670.srcs/sources_1/new/VGA_MemController.sv:3]
INFO: [Synth 8-6155] done synthesizing module 'VGA_MemController' (7#1) [C:/ssssssssssssssssssss/0925_bbbaaaccckkkuuuppp/0924_VGA_OV7670_final_backup/0910_VGA_OV7670.srcs/sources_1/new/VGA_MemController.sv:3]
ERROR: [Synth 8-439] module 'delay_1pclk' not found [C:/ssssssssssssssssssss/0925_bbbaaaccckkkuuuppp/0924_VGA_OV7670_final_backup/0910_VGA_OV7670.srcs/sources_1/new/VGA_Camera_Display.sv:140]
ERROR: [Synth 8-6156] failed synthesizing module 'VGA_Camera_Display' [C:/ssssssssssssssssssss/0925_bbbaaaccckkkuuuppp/0924_VGA_OV7670_final_backup/0910_VGA_OV7670.srcs/sources_1/new/VGA_Camera_Display.sv:3]
---------------------------------------------------------------------------------
Finished RTL Elaboration : Time (s): cpu = 00:00:03 ; elapsed = 00:00:04 . Memory (MB): peak = 3185.047 ; gain = 318.871
---------------------------------------------------------------------------------
RTL Elaboration failed
16 Infos, 0 Warnings, 0 Critical Warnings and 3 Errors encountered.
synth_design failed
ERROR: [Vivado_Tcl 4-5] Elaboration failed - please see the console for details
synth_design -rtl -rtl_skip_mlo -name rtl_1
Command: synth_design -rtl -rtl_skip_mlo -name rtl_1
Starting synth_design
Using part: xc7a35tcpg236-1
Top: VGA_Camera_Display
---------------------------------------------------------------------------------
Starting RTL Elaboration : Time (s): cpu = 00:00:02 ; elapsed = 00:00:02 . Memory (MB): peak = 3195.777 ; gain = 10.730
---------------------------------------------------------------------------------
INFO: [Synth 8-6157] synthesizing module 'VGA_Camera_Display' [C:/ssssssssssssssssssss/0925_bbbaaaccckkkuuuppp/0924_VGA_OV7670_final_backup/0910_VGA_OV7670.srcs/sources_1/new/VGA_Camera_Display.sv:3]
INFO: [Synth 8-6157] synthesizing module 'VGA_Decoder' [C:/ssssssssssssssssssss/0925_bbbaaaccckkkuuuppp/0924_VGA_OV7670_final_backup/0910_VGA_OV7670.srcs/sources_1/new/VGA_Decoder.sv:3]
INFO: [Synth 8-6157] synthesizing module 'pixel_clk_gen' [C:/ssssssssssssssssssss/0925_bbbaaaccckkkuuuppp/0924_VGA_OV7670_final_backup/0910_VGA_OV7670.srcs/sources_1/new/VGA_Decoder.sv:27]
INFO: [Synth 8-6155] done synthesizing module 'pixel_clk_gen' (1#1) [C:/ssssssssssssssssssss/0925_bbbaaaccckkkuuuppp/0924_VGA_OV7670_final_backup/0910_VGA_OV7670.srcs/sources_1/new/VGA_Decoder.sv:27]
INFO: [Synth 8-6157] synthesizing module 'pixel_counter' [C:/ssssssssssssssssssss/0925_bbbaaaccckkkuuuppp/0924_VGA_OV7670_final_backup/0910_VGA_OV7670.srcs/sources_1/new/VGA_Decoder.sv:52]
	Parameter H_MAX bound to: 800 - type: integer 
	Parameter V_MAX bound to: 525 - type: integer 
INFO: [Synth 8-6155] done synthesizing module 'pixel_counter' (2#1) [C:/ssssssssssssssssssss/0925_bbbaaaccckkkuuuppp/0924_VGA_OV7670_final_backup/0910_VGA_OV7670.srcs/sources_1/new/VGA_Decoder.sv:52]
INFO: [Synth 8-6157] synthesizing module 'vga_decoder' [C:/ssssssssssssssssssss/0925_bbbaaaccckkkuuuppp/0924_VGA_OV7670_final_backup/0910_VGA_OV7670.srcs/sources_1/new/VGA_Decoder.sv:90]
	Parameter H_Display_area bound to: 640 - type: integer 
	Parameter H_Front_porch bound to: 16 - type: integer 
	Parameter H_Sync_pulse bound to: 96 - type: integer 
	Parameter H_Back_porch bound to: 48 - type: integer 
	Parameter H_Whole_line bound to: 800 - type: integer 
	Parameter V_Display_area bound to: 480 - type: integer 
	Parameter V_Front_porch bound to: 10 - type: integer 
	Parameter V_Sync_pulse bound to: 2 - type: integer 
	Parameter V_Back_porch bound to: 33 - type: integer 
	Parameter V_Whole_frame bound to: 525 - type: integer 
INFO: [Synth 8-6155] done synthesizing module 'vga_decoder' (3#1) [C:/ssssssssssssssssssss/0925_bbbaaaccckkkuuuppp/0924_VGA_OV7670_final_backup/0910_VGA_OV7670.srcs/sources_1/new/VGA_Decoder.sv:90]
INFO: [Synth 8-6155] done synthesizing module 'VGA_Decoder' (4#1) [C:/ssssssssssssssssssss/0925_bbbaaaccckkkuuuppp/0924_VGA_OV7670_final_backup/0910_VGA_OV7670.srcs/sources_1/new/VGA_Decoder.sv:3]
INFO: [Synth 8-6157] synthesizing module 'OV7670_MemController' [C:/ssssssssssssssssssss/0925_bbbaaaccckkkuuuppp/0924_VGA_OV7670_final_backup/0910_VGA_OV7670.srcs/sources_1/new/OV7670_MemController.sv:3]
INFO: [Synth 8-6155] done synthesizing module 'OV7670_MemController' (5#1) [C:/ssssssssssssssssssss/0925_bbbaaaccckkkuuuppp/0924_VGA_OV7670_final_backup/0910_VGA_OV7670.srcs/sources_1/new/OV7670_MemController.sv:3]
INFO: [Synth 8-6157] synthesizing module 'frame_buffer' [C:/ssssssssssssssssssss/0925_bbbaaaccckkkuuuppp/0924_VGA_OV7670_final_backup/0910_VGA_OV7670.srcs/sources_1/new/frame_buffer.sv:3]
INFO: [Synth 8-6155] done synthesizing module 'frame_buffer' (6#1) [C:/ssssssssssssssssssss/0925_bbbaaaccckkkuuuppp/0924_VGA_OV7670_final_backup/0910_VGA_OV7670.srcs/sources_1/new/frame_buffer.sv:3]
INFO: [Synth 8-6157] synthesizing module 'VGA_MemController' [C:/ssssssssssssssssssss/0925_bbbaaaccckkkuuuppp/0924_VGA_OV7670_final_backup/0910_VGA_OV7670.srcs/sources_1/new/VGA_MemController.sv:3]
INFO: [Synth 8-6155] done synthesizing module 'VGA_MemController' (7#1) [C:/ssssssssssssssssssss/0925_bbbaaaccckkkuuuppp/0924_VGA_OV7670_final_backup/0910_VGA_OV7670.srcs/sources_1/new/VGA_MemController.sv:3]
ERROR: [Synth 8-439] module 'delay_1pclk' not found [C:/ssssssssssssssssssss/0925_bbbaaaccckkkuuuppp/0924_VGA_OV7670_final_backup/0910_VGA_OV7670.srcs/sources_1/new/VGA_Camera_Display.sv:140]
ERROR: [Synth 8-6156] failed synthesizing module 'VGA_Camera_Display' [C:/ssssssssssssssssssss/0925_bbbaaaccckkkuuuppp/0924_VGA_OV7670_final_backup/0910_VGA_OV7670.srcs/sources_1/new/VGA_Camera_Display.sv:3]
---------------------------------------------------------------------------------
Finished RTL Elaboration : Time (s): cpu = 00:00:03 ; elapsed = 00:00:03 . Memory (MB): peak = 3198.754 ; gain = 13.707
---------------------------------------------------------------------------------
RTL Elaboration failed
15 Infos, 0 Warnings, 0 Critical Warnings and 3 Errors encountered.
synth_design failed
ERROR: [Vivado_Tcl 4-5] Elaboration failed - please see the console for details
set_property PROBES.FILE {} [get_hw_devices xc7a35t_0]
set_property FULL_PROBES.FILE {} [get_hw_devices xc7a35t_0]
set_property PROGRAM.FILE {C:/ssssssssssssssssssss/0925_bbbaaaccckkkuuuppp/0924_VGA_OV7670_final_backup/0910_VGA_OV7670.runs/impl_1/VGA_Camera_Display.bit} [get_hw_devices xc7a35t_0]
program_hw_devices [get_hw_devices xc7a35t_0]
INFO: [Labtools 27-3164] End of startup status: HIGH
refresh_hw_device [lindex [get_hw_devices xc7a35t_0] 0]
INFO: [Labtools 27-1434] Device xc7a35t (JTAG device index = 0) is programmed with a design that has no supported debug core(s) in it.
update_compile_order -fileset sources_1
set_property PROBES.FILE {} [get_hw_devices xc7a35t_0]
set_property FULL_PROBES.FILE {} [get_hw_devices xc7a35t_0]
set_property PROGRAM.FILE {C:/ssssssssssssssssssss/0925_bbbaaaccckkkuuuppp/0924_VGA_OV7670_final_backup/0910_VGA_OV7670.runs/impl_1/VGA_Camera_Display.bit} [get_hw_devices xc7a35t_0]
program_hw_devices [get_hw_devices xc7a35t_0]
INFO: [Labtools 27-3164] End of startup status: HIGH
refresh_hw_device [lindex [get_hw_devices xc7a35t_0] 0]
INFO: [Labtools 27-1434] Device xc7a35t (JTAG device index = 0) is programmed with a design that has no supported debug core(s) in it.
set_property PROBES.FILE {} [get_hw_devices xc7a35t_0]
set_property FULL_PROBES.FILE {} [get_hw_devices xc7a35t_0]
set_property PROGRAM.FILE {C:/ssssssssssssssssssss/0925_bbbaaaccckkkuuuppp/0924_VGA_OV7670_final_backup/0910_VGA_OV7670.runs/impl_1/VGA_Camera_Display.bit} [get_hw_devices xc7a35t_0]
program_hw_devices [get_hw_devices xc7a35t_0]
INFO: [Labtools 27-3164] End of startup status: HIGH
refresh_hw_device [lindex [get_hw_devices xc7a35t_0] 0]
INFO: [Labtools 27-1434] Device xc7a35t (JTAG device index = 0) is programmed with a design that has no supported debug core(s) in it.
set_property PROBES.FILE {} [get_hw_devices xc7a35t_0]
set_property FULL_PROBES.FILE {} [get_hw_devices xc7a35t_0]
set_property PROGRAM.FILE {C:/ssssssssssssssssssss/0925_bbbaaaccckkkuuuppp/0924_VGA_OV7670_final_backup/0910_VGA_OV7670.runs/impl_1/VGA_Camera_Display.bit} [get_hw_devices xc7a35t_0]
program_hw_devices [get_hw_devices xc7a35t_0]
INFO: [Labtools 27-3164] End of startup status: HIGH
refresh_hw_device [lindex [get_hw_devices xc7a35t_0] 0]
INFO: [Labtools 27-1434] Device xc7a35t (JTAG device index = 0) is programmed with a design that has no supported debug core(s) in it.
exit
INFO: [Common 17-206] Exiting Vivado at Tue Sep 30 17:33:26 2025...
