#-----------------------------------------------------------
# Vivado v2020.2 (64-bit)
# SW Build 3064766 on Wed Nov 18 09:12:45 MST 2020
# IP Build 3064653 on Wed Nov 18 14:17:31 MST 2020
# Start of session at: Mon Sep 29 15:00:43 2025
# Process ID: 48380
# Current directory: C:/ssssssssssssssssssss/250929_PL_final
# Command line: vivado.exe -gui_launcher_event rodinguilauncherevent53912 C:\ssssssssssssssssssss\250929_PL_final\250929_PL_final.xpr
# Log file: C:/ssssssssssssssssssss/250929_PL_final/vivado.log
# Journal file: C:/ssssssssssssssssssss/250929_PL_final\vivado.jou
#-----------------------------------------------------------
start_gui
open_project C:/ssssssssssssssssssss/250929_PL_final/250929_PL_final.xpr
WARNING: [filemgmt 56-3] Default IP Output Path : Could not find the directory 'C:/ssssssssssssssssssss/250929_PL_final/250929_PL_final.gen/sources_1'.
CRITICAL WARNING: [Project 1-19] Could not find the file 'C:/ssssssssssssssssssss/250929_PL_final_ip/component.xml'.
Scanning sources...
Finished scanning sources
INFO: [IP_Flow 19-234] Refreshing IP repositories
INFO: [IP_Flow 19-1700] Loaded user IP repository 'c:/ssssssssssssssssssss/250929_PL_final_ip'.
INFO: [IP_Flow 19-2313] Loaded Vivado IP repository 'C:/Xilinx/Vivado/2020.2/data/ip'.
update_compile_order -fileset sources_1
export_ip_user_files -of_objects  [get_files C:/ssssssssssssssssssss/250929_PL_final_ip/component.xml] -no_script -reset -force -quiet
remove_files  C:/ssssssssssssssssssss/250929_PL_final_ip/component.xml
ipx::package_project -root_dir C:/ssssssssssssssssssss/250929_PL_final_ip -vendor xilinx.com -library user -taxonomy /UserIP -import_files -set_current false
WARNING: [IP_Flow 19-5101] Packaging a component with a SystemVerilog top file is not fully supported. Please refer to UG1118 'Creating and Packaging Custom IP'.
INFO: [IP_Flow 19-5107] Inferred bus interface 'reset' of definition 'xilinx.com:signal:reset:1.0' (from Xilinx Repository).
INFO: [IP_Flow 19-2181] Payment Required is not set for this core.
INFO: [IP_Flow 19-2187] The Product Guide file is missing.
ipx::unload_core c:/ssssssssssssssssssss/250929_PL_final_ip/component.xml
ipx::edit_ip_in_project -upgrade true -name tmp_edit_project -directory C:/ssssssssssssssssssss/250929_PL_final_ip c:/ssssssssssssssssssss/250929_PL_final_ip/component.xml
INFO: [IP_Flow 19-234] Refreshing IP repositories
INFO: [IP_Flow 19-1704] No user IP repositories specified
INFO: [IP_Flow 19-2313] Loaded Vivado IP repository 'C:/Xilinx/Vivado/2020.2/data/ip'.
INFO: [IP_Flow 19-234] Refreshing IP repositories
INFO: [IP_Flow 19-1700] Loaded user IP repository 'c:/ssssssssssssssssssss/250929_PL_final_ip'.
INFO: [IP_Flow 19-795] Syncing license key meta-data
update_compile_order -fileset sources_1
ipx::merge_project_changes files [ipx::current_core]
WARNING: [IP_Flow 19-5226] Project source file 'c:/ssssssssssssssssssss/250929_PL_final_ip/component.xml' ignored by IP packager.
set_property core_revision 2 [ipx::current_core]
ipx::update_source_project_archive -component [ipx::current_core]
ipx::create_xgui_files [ipx::current_core]
ipx::update_checksums [ipx::current_core]
ipx::check_integrity [ipx::current_core]
INFO: [IP_Flow 19-2181] Payment Required is not set for this core.
INFO: [IP_Flow 19-2187] The Product Guide file is missing.
INFO: [Ipptcl 7-1486] check_integrity: Integrity check passed.
ipx::save_core [ipx::current_core]
ipx::move_temp_component_back -component [ipx::current_core]
close_project -delete
update_ip_catalog -rebuild -repo_path c:/ssssssssssssssssssss/250929_PL_final_ip
INFO: [IP_Flow 19-725] Reloaded user IP repository 'c:/ssssssssssssssssssss/250929_PL_final_ip'
exit
INFO: [Common 17-206] Exiting Vivado at Mon Sep 29 16:25:11 2025...
